<?xml version="1.0" encoding="UTF-8"?>
<testng-results skipped="0" failed="0" ignored="0" total="1" passed="1">
  <reporter-output>
  </reporter-output>
  <suite name="Default suite" duration-ms="4528" started-at="2021-07-23T15:53:51 CDT" finished-at="2021-07-23T15:53:55 CDT">
    <groups>
    </groups>
    <test name="Default test" duration-ms="4528" started-at="2021-07-23T15:53:51 CDT" finished-at="2021-07-23T15:53:55 CDT">
      <class name="test.LoginTest">
        <test-method status="PASS" signature="validUserShoulbBeAbletoLogin()[pri:0, instance:test.LoginTest@1d29cf23]" name="validUserShoulbBeAbletoLogin" duration-ms="4483" started-at="2021-07-23T15:53:51 CDT" finished-at="2021-07-23T15:53:55 CDT">
          <reporter-output>
          </reporter-output>
        </test-method> <!-- validUserShoulbBeAbletoLogin -->
      </class> <!-- test.LoginTest -->
    </test> <!-- Default test -->
  </suite> <!-- Default suite -->
</testng-results>
